[13-11-29::01:21:25] cg2sandbox cg2ws1314.1.760723.760012 on Qt-5.2.0
[13-11-29::01:21:25] cg2ws1314.1.760723.760012 
[13-11-29::01:21:26] 
[13-11-29::01:21:26] GPU: Intel Iris OpenGL Engine (Intel Inc., 4.1 INTEL-8.20.22)
[13-11-29::01:21:26] GL Version: 4.1 Core
[13-11-29::01:21:26] 
[13-11-29::01:21:26] WARNING: ToDo: Setting swap interval is currently not implemented for __APPLE__
[13-11-29::01:21:26] WARNING: Setting swap interval to VerticalSyncronization failed.
[13-11-29::01:21:26] WARNING: "data/height.png"  does not exist: texture has no associated file. 
[13-11-29::01:21:26] WARNING: "data/ground.png"  does not exist: texture has no associated file. 
[13-11-29::01:21:26] WARNING: "data/water.png"  does not exist: texture has no associated file. 
[13-11-29::01:21:26] WARNING: "data/caustics.png"  does not exist: texture has no associated file. 
[13-11-29::01:21:26] WARNING: "data/terrain_1_4.vert"  does not exist: shader is without source and associated file. 
[13-11-29::01:21:26] WARNING: "data/terrain_1_4.frag"  does not exist: shader is without source and associated file. 
[13-11-29::01:21:26] WARNING: "data/terrain_1_5.vert"  does not exist: shader is without source and associated file. 
[13-11-29::01:21:26] WARNING: "data/terrain_1_5.frag"  does not exist: shader is without source and associated file. 
[13-11-29::01:21:26] WARNING: "data/env_cube_px.png"  does not exist: texture has no associated file. 
[13-11-29::01:21:26] WARNING: "data/env_polar_half.png"  does not exist: texture has no associated file. 
[13-11-29::01:21:26] WARNING: "data/env_paraboloid.png"  does not exist: texture has no associated file. 
[13-11-29::01:21:26] WARNING: "data/env_sphere.png"  does not exist: texture has no associated file. 
[13-11-29::01:21:26] WARNING: "data/envmap.vert"  does not exist: shader is without source and associated file. 
[13-11-29::01:21:26] WARNING: "data/envmap.frag"  does not exist: shader is without source and associated file. 
[13-11-29::01:21:26] WARNING: "data/sphere.vert"  does not exist: shader is without source and associated file. 
[13-11-29::01:21:26] WARNING: "data/sphere.frag"  does not exist: shader is without source and associated file. 
[13-11-29::01:21:26] WARNING: "data/waterheights.png"  does not exist: texture has no associated file. 
[13-11-29::01:21:26] WARNING: "data/waternormals.png"  does not exist: texture has no associated file. 
[13-11-29::01:21:26] WARNING: "data/sphere_cube.vert"  does not exist: shader is without source and associated file. 
[13-11-29::01:21:26] WARNING: "data/sphere_cube.frag"  does not exist: shader is without source and associated file. 
[13-11-29::01:21:26] WARNING: "data/envmap_cube.vert"  does not exist: shader is without source and associated file. 
[13-11-29::01:21:26] WARNING: "data/envmap_cube.geom"  does not exist: shader is without source and associated file. 
[13-11-29::01:21:26] WARNING: "data/envmap_cube.frag"  does not exist: shader is without source and associated file. 
[13-11-29::01:21:26] WARNING: "data/terrain_cube.vert"  does not exist: shader is without source and associated file. 
[13-11-29::01:21:26] WARNING: "data/terrain_cube.geom"  does not exist: shader is without source and associated file. 
[13-11-29::01:21:26] WARNING: "data/terrain_cube.frag"  does not exist: shader is without source and associated file. 
[13-11-29::01:21:42] cg2sandbox cg2ws1314.1.760723.760012 exited
[13-11-29::01:21:42] 
